
**** Build of configuration Debug for project Example_2806xAdcTempSensor ****

"C:\\ti\\ccsv6\\utils\\bin\\gmake" -k all 
'Building file: ../Example_2806xAdcTempSensor.c'
'Invoking: C2000 Compiler'
"C:/ti/ccsv6/tools/compiler/ti-cgt-c2000_6.4.6/bin/cl2000" -v28 -ml -mt --cla_support=cla0 --float_support=fpu32 --vcu_support=vcu0 --include_path="C:/ti/ccsv6/tools/compiler/ti-cgt-c2000_6.4.6/include" --include_path="/packages/ti/xdais" --include_path="C:/ti/controlSUITE/device_support/f2806x/v150/F2806x_headers/include" --include_path="C:/ti/controlSUITE/device_support/f2806x/v150/F2806x_common/include" --include_path="C:/ti/controlSUITE/libs/math/IQmath/v160/include" --include_path="C:/ti/controlSUITE/libs/math/FPUfastRTS/V100/include" -g --define="_DEBUG" --define="LARGE_MODEL" --quiet --verbose_diagnostics --diag_warning=225 --diag_suppress=10063 --issue_remarks --output_all_syms --cdebug_asm_data --preproc_with_compile --preproc_dependency="Example_2806xAdcTempSensor.pp"  "../Example_2806xAdcTempSensor.c"
'Finished building: ../Example_2806xAdcTempSensor.c'
' '
'Building file: C:/ti/controlSUITE/device_support/f2806x/v150/F2806x_common/source/F2806x_Adc.c'
'Invoking: C2000 Compiler'
"C:/ti/ccsv6/tools/compiler/ti-cgt-c2000_6.4.6/bin/cl2000" -v28 -ml -mt --cla_support=cla0 --float_support=fpu32 --vcu_support=vcu0 --include_path="C:/ti/ccsv6/tools/compiler/ti-cgt-c2000_6.4.6/include" --include_path="/packages/ti/xdais" --include_path="C:/ti/controlSUITE/device_support/f2806x/v150/F2806x_headers/include" --include_path="C:/ti/controlSUITE/device_support/f2806x/v150/F2806x_common/include" --include_path="C:/ti/controlSUITE/libs/math/IQmath/v160/include" --include_path="C:/ti/controlSUITE/libs/math/FPUfastRTS/V100/include" -g --define="_DEBUG" --define="LARGE_MODEL" --quiet --verbose_diagnostics --diag_warning=225 --diag_suppress=10063 --issue_remarks --output_all_syms --cdebug_asm_data --preproc_with_compile --preproc_dependency="F2806x_Adc.pp"  "C:/ti/controlSUITE/device_support/f2806x/v150/F2806x_common/source/F2806x_Adc.c"
'Finished building: C:/ti/controlSUITE/device_support/f2806x/v150/F2806x_common/source/F2806x_Adc.c'
' '
'Building file: C:/ti/controlSUITE/device_support/f2806x/v150/F2806x_common/source/F2806x_CodeStartBranch.asm'
'Invoking: C2000 Compiler'
"C:/ti/ccsv6/tools/compiler/ti-cgt-c2000_6.4.6/bin/cl2000" -v28 -ml -mt --cla_support=cla0 --float_support=fpu32 --vcu_support=vcu0 --include_path="C:/ti/ccsv6/tools/compiler/ti-cgt-c2000_6.4.6/include" --include_path="/packages/ti/xdais" --include_path="C:/ti/controlSUITE/device_support/f2806x/v150/F2806x_headers/include" --include_path="C:/ti/controlSUITE/device_support/f2806x/v150/F2806x_common/include" --include_path="C:/ti/controlSUITE/libs/math/IQmath/v160/include" --include_path="C:/ti/controlSUITE/libs/math/FPUfastRTS/V100/include" -g --define="_DEBUG" --define="LARGE_MODEL" --quiet --verbose_diagnostics --diag_warning=225 --diag_suppress=10063 --issue_remarks --output_all_syms --cdebug_asm_data --preproc_with_compile --preproc_dependency="F2806x_CodeStartBranch.pp"  "C:/ti/controlSUITE/device_support/f2806x/v150/F2806x_common/source/F2806x_CodeStartBranch.asm"
'Finished building: C:/ti/controlSUITE/device_support/f2806x/v150/F2806x_common/source/F2806x_CodeStartBranch.asm'
' '
'Building file: C:/ti/controlSUITE/device_support/f2806x/v150/F2806x_common/source/F2806x_DefaultIsr.c'
'Invoking: C2000 Compiler'
"C:/ti/ccsv6/tools/compiler/ti-cgt-c2000_6.4.6/bin/cl2000" -v28 -ml -mt --cla_support=cla0 --float_support=fpu32 --vcu_support=vcu0 --include_path="C:/ti/ccsv6/tools/compiler/ti-cgt-c2000_6.4.6/include" --include_path="/packages/ti/xdais" --include_path="C:/ti/controlSUITE/device_support/f2806x/v150/F2806x_headers/include" --include_path="C:/ti/controlSUITE/device_support/f2806x/v150/F2806x_common/include" --include_path="C:/ti/controlSUITE/libs/math/IQmath/v160/include" --include_path="C:/ti/controlSUITE/libs/math/FPUfastRTS/V100/include" -g --define="_DEBUG" --define="LARGE_MODEL" --quiet --verbose_diagnostics --diag_warning=225 --diag_suppress=10063 --issue_remarks --output_all_syms --cdebug_asm_data --preproc_with_compile --preproc_dependency="F2806x_DefaultIsr.pp"  "C:/ti/controlSUITE/device_support/f2806x/v150/F2806x_common/source/F2806x_DefaultIsr.c"
'Finished building: C:/ti/controlSUITE/device_support/f2806x/v150/F2806x_common/source/F2806x_DefaultIsr.c'
' '
'Building file: C:/ti/controlSUITE/device_support/f2806x/v150/F2806x_headers/source/F2806x_GlobalVariableDefs.c'
'Invoking: C2000 Compiler'
"C:/ti/ccsv6/tools/compiler/ti-cgt-c2000_6.4.6/bin/cl2000" -v28 -ml -mt --cla_support=cla0 --float_support=fpu32 --vcu_support=vcu0 --include_path="C:/ti/ccsv6/tools/compiler/ti-cgt-c2000_6.4.6/include" --include_path="/packages/ti/xdais" --include_path="C:/ti/controlSUITE/device_support/f2806x/v150/F2806x_headers/include" --include_path="C:/ti/controlSUITE/device_support/f2806x/v150/F2806x_common/include" --include_path="C:/ti/controlSUITE/libs/math/IQmath/v160/include" --include_path="C:/ti/controlSUITE/libs/math/FPUfastRTS/V100/include" -g --define="_DEBUG" --define="LARGE_MODEL" --quiet --verbose_diagnostics --diag_warning=225 --diag_suppress=10063 --issue_remarks --output_all_syms --cdebug_asm_data --preproc_with_compile --preproc_dependency="F2806x_GlobalVariableDefs.pp"  "C:/ti/controlSUITE/device_support/f2806x/v150/F2806x_headers/source/F2806x_GlobalVariableDefs.c"
'Finished building: C:/ti/controlSUITE/device_support/f2806x/v150/F2806x_headers/source/F2806x_GlobalVariableDefs.c'
' '
'Building file: C:/ti/controlSUITE/device_support/f2806x/v150/F2806x_common/source/F2806x_PieCtrl.c'
'Invoking: C2000 Compiler'
"C:/ti/ccsv6/tools/compiler/ti-cgt-c2000_6.4.6/bin/cl2000" -v28 -ml -mt --cla_support=cla0 --float_support=fpu32 --vcu_support=vcu0 --include_path="C:/ti/ccsv6/tools/compiler/ti-cgt-c2000_6.4.6/include" --include_path="/packages/ti/xdais" --include_path="C:/ti/controlSUITE/device_support/f2806x/v150/F2806x_headers/include" --include_path="C:/ti/controlSUITE/device_support/f2806x/v150/F2806x_common/include" --include_path="C:/ti/controlSUITE/libs/math/IQmath/v160/include" --include_path="C:/ti/controlSUITE/libs/math/FPUfastRTS/V100/include" -g --define="_DEBUG" --define="LARGE_MODEL" --quiet --verbose_diagnostics --diag_warning=225 --diag_suppress=10063 --issue_remarks --output_all_syms --cdebug_asm_data --preproc_with_compile --preproc_dependency="F2806x_PieCtrl.pp"  "C:/ti/controlSUITE/device_support/f2806x/v150/F2806x_common/source/F2806x_PieCtrl.c"
'Finished building: C:/ti/controlSUITE/device_support/f2806x/v150/F2806x_common/source/F2806x_PieCtrl.c'
' '
'Building file: C:/ti/controlSUITE/device_support/f2806x/v150/F2806x_common/source/F2806x_PieVect.c'
'Invoking: C2000 Compiler'
"C:/ti/ccsv6/tools/compiler/ti-cgt-c2000_6.4.6/bin/cl2000" -v28 -ml -mt --cla_support=cla0 --float_support=fpu32 --vcu_support=vcu0 --include_path="C:/ti/ccsv6/tools/compiler/ti-cgt-c2000_6.4.6/include" --include_path="/packages/ti/xdais" --include_path="C:/ti/controlSUITE/device_support/f2806x/v150/F2806x_headers/include" --include_path="C:/ti/controlSUITE/device_support/f2806x/v150/F2806x_common/include" --include_path="C:/ti/controlSUITE/libs/math/IQmath/v160/include" --include_path="C:/ti/controlSUITE/libs/math/FPUfastRTS/V100/include" -g --define="_DEBUG" --define="LARGE_MODEL" --quiet --verbose_diagnostics --diag_warning=225 --diag_suppress=10063 --issue_remarks --output_all_syms --cdebug_asm_data --preproc_with_compile --preproc_dependency="F2806x_PieVect.pp"  "C:/ti/controlSUITE/device_support/f2806x/v150/F2806x_common/source/F2806x_PieVect.c"
'Finished building: C:/ti/controlSUITE/device_support/f2806x/v150/F2806x_common/source/F2806x_PieVect.c'
' '
'Building file: C:/ti/controlSUITE/device_support/f2806x/v150/F2806x_common/source/F2806x_SysCtrl.c'
'Invoking: C2000 Compiler'
"C:/ti/ccsv6/tools/compiler/ti-cgt-c2000_6.4.6/bin/cl2000" -v28 -ml -mt --cla_support=cla0 --float_support=fpu32 --vcu_support=vcu0 --include_path="C:/ti/ccsv6/tools/compiler/ti-cgt-c2000_6.4.6/include" --include_path="/packages/ti/xdais" --include_path="C:/ti/controlSUITE/device_support/f2806x/v150/F2806x_headers/include" --include_path="C:/ti/controlSUITE/device_support/f2806x/v150/F2806x_common/include" --include_path="C:/ti/controlSUITE/libs/math/IQmath/v160/include" --include_path="C:/ti/controlSUITE/libs/math/FPUfastRTS/V100/include" -g --define="_DEBUG" --define="LARGE_MODEL" --quiet --verbose_diagnostics --diag_warning=225 --diag_suppress=10063 --issue_remarks --output_all_syms --cdebug_asm_data --preproc_with_compile --preproc_dependency="F2806x_SysCtrl.pp"  "C:/ti/controlSUITE/device_support/f2806x/v150/F2806x_common/source/F2806x_SysCtrl.c"
'Finished building: C:/ti/controlSUITE/device_support/f2806x/v150/F2806x_common/source/F2806x_SysCtrl.c'
' '
'Building file: C:/ti/controlSUITE/device_support/f2806x/v150/F2806x_common/source/F2806x_usDelay.asm'
'Invoking: C2000 Compiler'
"C:/ti/ccsv6/tools/compiler/ti-cgt-c2000_6.4.6/bin/cl2000" -v28 -ml -mt --cla_support=cla0 --float_support=fpu32 --vcu_support=vcu0 --include_path="C:/ti/ccsv6/tools/compiler/ti-cgt-c2000_6.4.6/include" --include_path="/packages/ti/xdais" --include_path="C:/ti/controlSUITE/device_support/f2806x/v150/F2806x_headers/include" --include_path="C:/ti/controlSUITE/device_support/f2806x/v150/F2806x_common/include" --include_path="C:/ti/controlSUITE/libs/math/IQmath/v160/include" --include_path="C:/ti/controlSUITE/libs/math/FPUfastRTS/V100/include" -g --define="_DEBUG" --define="LARGE_MODEL" --quiet --verbose_diagnostics --diag_warning=225 --diag_suppress=10063 --issue_remarks --output_all_syms --cdebug_asm_data --preproc_with_compile --preproc_dependency="F2806x_usDelay.pp"  "C:/ti/controlSUITE/device_support/f2806x/v150/F2806x_common/source/F2806x_usDelay.asm"
'Finished building: C:/ti/controlSUITE/device_support/f2806x/v150/F2806x_common/source/F2806x_usDelay.asm'
' '
'Building target: Example_2806xAdcTempSensor.out'
'Invoking: C2000 Linker'
"C:/ti/ccsv6/tools/compiler/ti-cgt-c2000_6.4.6/bin/cl2000" -v28 -ml -mt --cla_support=cla0 --float_support=fpu32 --vcu_support=vcu0 -g --define="_DEBUG" --define="LARGE_MODEL" --quiet --verbose_diagnostics --diag_warning=225 --diag_suppress=10063 --issue_remarks --output_all_syms --cdebug_asm_data -z -m"Example_2806xAdcTempSensor.map" --stack_size=0x200 --warn_sections -i"C:/ti/ccsv6/tools/compiler/ti-cgt-c2000_6.4.6/lib" -i"C:/ti/ccsv6/tools/compiler/ti-cgt-c2000_6.4.6/include" -i"C:/ti/controlSUITE/device_support/f2806x/v150/F2806x_common/lib" -i"C:/ti/controlSUITE/libs/math/IQmath/v160/lib" -i"C:/ti/controlSUITE/libs/math/FPUfastRTS/V100/lib" --reread_libs --priority --verbose_diagnostics --issue_remarks --xml_link_info="Example_2806xAdcTempSensor_linkInfo.xml" --entry_point=code_start --rom_model -o "Example_2806xAdcTempSensor.out" -l"rts2800_fpu32_fast_supplement.lib" -l"rts2800_fpu32.lib" "./Example_2806xAdcTempSensor.obj" "./F2806x_Adc.obj" "./F2806x_CodeStartBranch.obj" "./F2806x_DefaultIsr.obj" "./F2806x_GlobalVariableDefs.obj" "./F2806x_PieCtrl.obj" "./F2806x_PieVect.obj" "./F2806x_SysCtrl.obj" "./F2806x_usDelay.obj" "C:/ti/controlSUITE/device_support/f2806x/v150/F2806x_common/cmd/28069_RAM_lnk.cmd" "C:/ti/controlSUITE/device_support/f2806x/v150/F2806x_headers/cmd/F2806x_Headers_nonBIOS.cmd"  -l"IQmath_fpu32.lib" 
'Finished building target: Example_2806xAdcTempSensor.out'
' '

**** Build Finished ****
