
**** Build of configuration Debug for project IFEC2016_DdayDemo_Dec3 ****

"C:\\ti\\ccsv6\\utils\\bin\\gmake" -k all 
'Building file: ../Main.c'
'Invoking: C2000 Compiler'
"C:/ti/ccsv6/tools/compiler/ti-cgt-c2000_6.4.9/bin/cl2000" -v28 -mt -ml --vcu_support=vcu0 --cla_support=cla0 --float_support=fpu32 --include_path="C:/ti/ccsv6/tools/compiler/ti-cgt-c2000_6.4.9/include" --include_path="/packages/ti/xdais" --include_path="C:/ti/controlSUITE/device_support/f2806x/v150/F2806x_headers/include" --include_path="C:/ti/controlSUITE/device_support/f2806x/v150/F2806x_common/include" --include_path="C:/ti/controlSUITE/libs/math/IQmath/v160/include" --include_path="C:/ti/controlSUITE/libs/math/FPUfastRTS/V100/include" -g --define="_DEBUG" --define="LARGE_MODEL" --quiet --diag_warning=225 --issue_remarks --verbose_diagnostics --diag_suppress=10063 --output_all_syms --cdebug_asm_data --preproc_with_compile --preproc_dependency="Main.pp"  "../Main.c"
'Finished building: ../Main.c'
' '
'Building file: ../adc.c'
'Invoking: C2000 Compiler'
"C:/ti/ccsv6/tools/compiler/ti-cgt-c2000_6.4.9/bin/cl2000" -v28 -mt -ml --vcu_support=vcu0 --cla_support=cla0 --float_support=fpu32 --include_path="C:/ti/ccsv6/tools/compiler/ti-cgt-c2000_6.4.9/include" --include_path="/packages/ti/xdais" --include_path="C:/ti/controlSUITE/device_support/f2806x/v150/F2806x_headers/include" --include_path="C:/ti/controlSUITE/device_support/f2806x/v150/F2806x_common/include" --include_path="C:/ti/controlSUITE/libs/math/IQmath/v160/include" --include_path="C:/ti/controlSUITE/libs/math/FPUfastRTS/V100/include" -g --define="_DEBUG" --define="LARGE_MODEL" --quiet --diag_warning=225 --issue_remarks --verbose_diagnostics --diag_suppress=10063 --output_all_syms --cdebug_asm_data --preproc_with_compile --preproc_dependency="adc.pp"  "../adc.c"
'Finished building: ../adc.c'
' '
'Building file: ../epwm-config.c'
'Invoking: C2000 Compiler'
"C:/ti/ccsv6/tools/compiler/ti-cgt-c2000_6.4.9/bin/cl2000" -v28 -mt -ml --vcu_support=vcu0 --cla_support=cla0 --float_support=fpu32 --include_path="C:/ti/ccsv6/tools/compiler/ti-cgt-c2000_6.4.9/include" --include_path="/packages/ti/xdais" --include_path="C:/ti/controlSUITE/device_support/f2806x/v150/F2806x_headers/include" --include_path="C:/ti/controlSUITE/device_support/f2806x/v150/F2806x_common/include" --include_path="C:/ti/controlSUITE/libs/math/IQmath/v160/include" --include_path="C:/ti/controlSUITE/libs/math/FPUfastRTS/V100/include" -g --define="_DEBUG" --define="LARGE_MODEL" --quiet --diag_warning=225 --issue_remarks --verbose_diagnostics --diag_suppress=10063 --output_all_syms --cdebug_asm_data --preproc_with_compile --preproc_dependency="epwm-config.pp"  "../epwm-config.c"
"../epwm-config.c", line 177: error: identifier "EPwm4_DB_Direction" is
          undefined
  	EPwm4_DB_Direction = DB_UP;
  	^

1 error detected in the compilation of "../epwm-config.c".

>> Compilation failure
gmake: *** [epwm-config.obj] Error 1
'Building file: ../pwm-isr.c'
'Invoking: C2000 Compiler'
"C:/ti/ccsv6/tools/compiler/ti-cgt-c2000_6.4.9/bin/cl2000" -v28 -mt -ml --vcu_support=vcu0 --cla_support=cla0 --float_support=fpu32 --include_path="C:/ti/ccsv6/tools/compiler/ti-cgt-c2000_6.4.9/include" --include_path="/packages/ti/xdais" --include_path="C:/ti/controlSUITE/device_support/f2806x/v150/F2806x_headers/include" --include_path="C:/ti/controlSUITE/device_support/f2806x/v150/F2806x_common/include" --include_path="C:/ti/controlSUITE/libs/math/IQmath/v160/include" --include_path="C:/ti/controlSUITE/libs/math/FPUfastRTS/V100/include" -g --define="_DEBUG" --define="LARGE_MODEL" --quiet --diag_warning=225 --issue_remarks --verbose_diagnostics --diag_suppress=10063 --output_all_syms --cdebug_asm_data --preproc_with_compile --preproc_dependency="pwm-isr.pp"  "../pwm-isr.c"
'Finished building: ../pwm-isr.c'
' '
gmake: Target `all' not remade because of errors.

**** Build Finished ****
